2020-03-29 15:33:18 INFO  Utilities:38 - Successfully move to element [[ChromeDriver: chrome on MAC (bc09a3a904c7e8ad698269489179c4d8)] -> css selector: a[title='Women']]

2020-03-29 20:09:00 INFO  Utilities:38 - Successfully move to element [[ChromeDriver: chrome on MAC (830e2c06479ec784e4a65adc9817a363)] -> css selector: a[title='Women']]

2020-04-02 13:06:35 INFO  Utilities:43 - Successfully move to element [[ChromeDriver: chrome on MAC (c94b65570490e147f8c8fa4d9f207fa3)] -> css selector: a[title='Women']]

2020-04-02 13:11:45 INFO  Utilities:43 - Successfully move to element [[ChromeDriver: chrome on MAC (0a90156f44b375fc341ddfa7952ab18f)] -> css selector: a[title='Women']]

2020-04-02 13:11:51 INFO  Utilities:43 - Successfully move to element [[ChromeDriver: chrome on MAC (0a90156f44b375fc341ddfa7952ab18f)] -> css selector: a[title='Women']]

2020-04-02 13:21:38 INFO  Utilities:43 - Successfully move to element [[ChromeDriver: chrome on MAC (1319165858df900b752d3f5278e47511)] -> css selector: a[title='Women']]

2020-04-02 13:28:53 INFO  Utilities:43 - Successfully move to element [[ChromeDriver: chrome on MAC (b9011a2afe795946c7e7bb96089b9a8b)] -> css selector: a[title='Women']]

2020-04-02 13:29:01 INFO  Utilities:43 - Successfully move to element [[ChromeDriver: chrome on MAC (b9011a2afe795946c7e7bb96089b9a8b)] -> css selector: a[title='Women']]

2020-04-03 14:52:21 INFO  Utilities:43 - Successfully move to element [[ChromeDriver: chrome on MAC (0eb338b6a982fcd84eb059e29a28933e)] -> css selector: a[title='Women']]

2020-04-03 14:52:28 INFO  Utilities:43 - Successfully move to element [[ChromeDriver: chrome on MAC (0eb338b6a982fcd84eb059e29a28933e)] -> css selector: a[title='Women']]

2020-04-03 15:11:59 INFO  Utilities:45 - Successfully move to element [[ChromeDriver: chrome on MAC (8d9f769f11bb396f37fb987c8ddba468)] -> css selector: a[title='Women']]

2020-04-03 15:26:19 INFO  Utilities:45 - Successfully move to element [[ChromeDriver: chrome on MAC (81876e89d98b012df70bfe1afbc3ea60)] -> css selector: a[title='Women']]

2020-04-03 16:32:41 INFO  Utilities:45 - Successfully move to element [[ChromeDriver: chrome on MAC (1a3eee6dacc7d0099c2b37ea7f29d99c)] -> css selector: a[title='Women']]

2020-04-03 16:32:46 DEBUG Utilities:37 - Unable to find the elements [[ChromeDriver: chrome on MAC (1a3eee6dacc7d0099c2b37ea7f29d99c)] -> css selector: a[title='T-shirts']] due to following: [org.openqa.selenium.support.ui.WebDriverWait.timeoutException(WebDriverWait.java:95), org.openqa.selenium.support.ui.FluentWait.until(FluentWait.java:272), com.nagp.common.utilities.Utilities.waitForElementExists(Utilities.java:35), com.nagp.test.HomeTestRunner.first(HomeTestRunner.java:24), sun.reflect.NativeMethodAccessorImpl.invoke0(Native Method), sun.reflect.NativeMethodAccessorImpl.invoke(NativeMethodAccessorImpl.java:62), sun.reflect.DelegatingMethodAccessorImpl.invoke(DelegatingMethodAccessorImpl.java:43), java.lang.reflect.Method.invoke(Method.java:498), org.testng.internal.MethodInvocationHelper.invokeMethod(MethodInvocationHelper.java:124), org.testng.internal.Invoker.invokeMethod(Invoker.java:583), org.testng.internal.Invoker.invokeTestMethod(Invoker.java:719), org.testng.internal.Invoker.invokeTestMethods(Invoker.java:989), org.testng.internal.TestMethodWorker.invokeTestMethods(TestMethodWorker.java:125), org.testng.internal.TestMethodWorker.run(TestMethodWorker.java:109), org.testng.TestRunner.privateRun(TestRunner.java:648), org.testng.TestRunner.run(TestRunner.java:505), org.testng.SuiteRunner.runTest(SuiteRunner.java:455), org.testng.SuiteRunner.runSequentially(SuiteRunner.java:450), org.testng.SuiteRunner.privateRun(SuiteRunner.java:415), org.testng.SuiteRunner.run(SuiteRunner.java:364), org.testng.SuiteRunnerWorker.runSuite(SuiteRunnerWorker.java:52), org.testng.SuiteRunnerWorker.run(SuiteRunnerWorker.java:84), org.testng.TestNG.runSuitesSequentially(TestNG.java:1208), org.testng.TestNG.runSuitesLocally(TestNG.java:1137), org.testng.TestNG.runSuites(TestNG.java:1049), org.testng.TestNG.run(TestNG.java:1017), com.intellij.rt.testng.IDEARemoteTestNG.run(IDEARemoteTestNG.java:66), com.intellij.rt.testng.RemoteTestNGStarter.main(RemoteTestNGStarter.java:110)]

2020-04-03 16:33:57 INFO  Utilities:45 - Successfully move to element [[ChromeDriver: chrome on MAC (7e84bde581558412a13c80b24bca0aea)] -> css selector: a[title='Women']]

2020-04-03 17:37:23 INFO  Utilities:45 - Successfully move to element [[ChromeDriver: chrome on MAC (c759fef51788015821c7e965d22473e0)] -> css selector: a[title='Women']]

2020-04-03 17:43:11 INFO  Utilities:45 - Successfully move to element [[ChromeDriver: chrome on MAC (5ee2684ef97a84ce4e85d83d5336a449)] -> css selector: a[title='Women']]

2020-04-03 17:58:25 INFO  Utilities:45 - Successfully move to element [[ChromeDriver: chrome on MAC (5ae24d77d9053d2d57c3aba2614edd38)] -> css selector: a[title='Women']]

2020-04-03 18:10:22 INFO  Utilities:45 - Successfully move to element [[ChromeDriver: chrome on MAC (7afc35b64b57a48190e1c9cf1b13a0ce)] -> css selector: a[title='Women']]

2020-04-03 18:27:32 INFO  Utilities:45 - Successfully move to element [[ChromeDriver: chrome on MAC (c8ed6b1ad697ad85c363179c62475ea9)] -> css selector: a[title='Women']]

2020-04-03 18:28:06 INFO  Utilities:45 - Successfully move to element [[ChromeDriver: chrome on MAC (387bfba4aaea43ccadece7fbfa8f451b)] -> css selector: a[title='Women']]

2020-04-03 21:53:18 INFO  Utilities:45 - Successfully move to element [[ChromeDriver: chrome on MAC (86478d71fb075397657221edcb7e4cdc)] -> css selector: a[title='Women']]

2020-04-03 22:09:10 INFO  Utilities:46 - Successfully move to element [[ChromeDriver: chrome on MAC (9f9c39fa7f51e85dbf6152c6c360d3ae)] -> css selector: a[title='Women']]

2020-04-03 22:15:15 INFO  Utilities:46 - Successfully move to element [[ChromeDriver: chrome on MAC (bb16f77e2e5d5df22b04c50d7e96d650)] -> css selector: a[title='Women']]

2020-04-03 22:22:22 INFO  Utilities:46 - Successfully move to element [[ChromeDriver: chrome on MAC (e50713224019688fee094e9303abd34f)] -> css selector: a[title='Women']]

2020-04-03 22:26:31 INFO  Utilities:46 - Successfully move to element [[ChromeDriver: chrome on MAC (54fe63abf3707c0eb9d5d82824e0a4cb)] -> css selector: a[title='Women']]

2020-04-03 22:28:53 INFO  Utilities:46 - Successfully move to element [[ChromeDriver: chrome on MAC (502435aeedc3172f8fa4101b052162d3)] -> css selector: a[title='Women']]

2020-04-03 22:30:04 INFO  Utilities:46 - Successfully move to element [[ChromeDriver: chrome on MAC (ffe1c3b384f2ee59f8c36e1f1a589820)] -> css selector: a[title='Women']]

2020-04-03 22:34:27 INFO  Utilities:46 - Successfully move to element [[ChromeDriver: chrome on MAC (9a1cf513147b250548f825058ec01e18)] -> css selector: a[title='Women']]

2020-04-04 18:32:24 INFO  Utilities:56 - Successfully move to element [[ChromeDriver: chrome on MAC (6f10ecf5ea3f58877bbe3052e37d82b7)] -> css selector: a[title='Women']]

2020-04-04 18:32:42 DEBUG Utilities:48 - Unable to find the elements Proxy element for: DefaultElementLocator 'By.className: cat-name']' due to following: [org.openqa.selenium.support.ui.WebDriverWait.timeoutException(WebDriverWait.java:95), org.openqa.selenium.support.ui.FluentWait.until(FluentWait.java:272), com.nagp.common.utilities.Utilities.waitForElementExists(Utilities.java:46), com.nagp.common.pages.CategoryPage.isHeadingDisplayed(CategoryPage.java:19), com.nagp.test.HomeTestRunner.first(HomeTestRunner.java:24), sun.reflect.NativeMethodAccessorImpl.invoke0(Native Method), sun.reflect.NativeMethodAccessorImpl.invoke(NativeMethodAccessorImpl.java:62), sun.reflect.DelegatingMethodAccessorImpl.invoke(DelegatingMethodAccessorImpl.java:43), java.lang.reflect.Method.invoke(Method.java:498), org.testng.internal.MethodInvocationHelper.invokeMethod(MethodInvocationHelper.java:124), org.testng.internal.Invoker.invokeMethod(Invoker.java:583), org.testng.internal.Invoker.invokeTestMethod(Invoker.java:719), org.testng.internal.Invoker.invokeTestMethods(Invoker.java:989), org.testng.internal.TestMethodWorker.invokeTestMethods(TestMethodWorker.java:125), org.testng.internal.TestMethodWorker.run(TestMethodWorker.java:109), org.testng.TestRunner.privateRun(TestRunner.java:648), org.testng.TestRunner.run(TestRunner.java:505), org.testng.SuiteRunner.runTest(SuiteRunner.java:455), org.testng.SuiteRunner.runSequentially(SuiteRunner.java:450), org.testng.SuiteRunner.privateRun(SuiteRunner.java:415), org.testng.SuiteRunner.run(SuiteRunner.java:364), org.testng.SuiteRunnerWorker.runSuite(SuiteRunnerWorker.java:52), org.testng.SuiteRunnerWorker.run(SuiteRunnerWorker.java:84), org.testng.TestNG.runSuitesSequentially(TestNG.java:1208), org.testng.TestNG.runSuitesLocally(TestNG.java:1137), org.testng.TestNG.runSuites(TestNG.java:1049), org.testng.TestNG.run(TestNG.java:1017), com.intellij.rt.testng.IDEARemoteTestNG.run(IDEARemoteTestNG.java:66), com.intellij.rt.testng.RemoteTestNGStarter.main(RemoteTestNGStarter.java:110)]

2020-04-04 18:32:47 DEBUG Utilities:38 - Element is not visible : org.openqa.selenium.NoSuchElementException: no such element: Unable to locate element: {"method":"css selector","selector":".cat\-name\'\]"}
  (Session info: chrome=80.0.3987.149)
For documentation on this error, please visit: https://www.seleniumhq.org/exceptions/no_such_element.html
Build info: version: '3.141.59', revision: 'e82be7d358', time: '2018-11-14T08:17:03'
System info: host: 'Superusers-MacBook-Pro.local', ip: 'fe80:0:0:0:84c:5857:7342:3a77%en0', os.name: 'Mac OS X', os.arch: 'x86_64', os.version: '10.14.6', java.version: '1.8.0_231'
Driver info: org.openqa.selenium.chrome.ChromeDriver
Capabilities {acceptInsecureCerts: false, browserName: chrome, browserVersion: 80.0.3987.149, chrome: {chromedriverVersion: 80.0.3987.106 (f68069574609..., userDataDir: /var/folders/bw/zm9rvbhj2bb...}, goog:chromeOptions: {debuggerAddress: localhost:64838}, javascriptEnabled: true, networkConnectionEnabled: false, pageLoadStrategy: normal, platform: MAC, platformName: MAC, proxy: Proxy(), setWindowRect: true, strictFileInteractability: false, timeouts: {implicit: 0, pageLoad: 300000, script: 30000}, unhandledPromptBehavior: dismiss and notify}
Session ID: 6f10ecf5ea3f58877bbe3052e37d82b7
*** Element info: {Using=class name, value=cat-name']}
	at sun.reflect.NativeConstructorAccessorImpl.newInstance0(Native Method)
	at sun.reflect.NativeConstructorAccessorImpl.newInstance(NativeConstructorAccessorImpl.java:62)
	at sun.reflect.DelegatingConstructorAccessorImpl.newInstance(DelegatingConstructorAccessorImpl.java:45)
	at java.lang.reflect.Constructor.newInstance(Constructor.java:423)
	at org.openqa.selenium.remote.http.W3CHttpResponseCodec.createException(W3CHttpResponseCodec.java:187)
	at org.openqa.selenium.remote.http.W3CHttpResponseCodec.decode(W3CHttpResponseCodec.java:122)
	at org.openqa.selenium.remote.http.W3CHttpResponseCodec.decode(W3CHttpResponseCodec.java:49)
	at org.openqa.selenium.remote.HttpCommandExecutor.execute(HttpCommandExecutor.java:158)
	at org.openqa.selenium.remote.service.DriverCommandExecutor.execute(DriverCommandExecutor.java:83)
	at org.openqa.selenium.remote.RemoteWebDriver.execute(RemoteWebDriver.java:552)
	at org.openqa.selenium.remote.RemoteWebDriver.findElement(RemoteWebDriver.java:323)
	at org.openqa.selenium.remote.RemoteWebDriver.findElementByClassName(RemoteWebDriver.java:412)
	at org.openqa.selenium.By$ByClassName.findElement(By.java:389)
	at org.openqa.selenium.remote.RemoteWebDriver.findElement(RemoteWebDriver.java:315)
	at org.openqa.selenium.support.pagefactory.DefaultElementLocator.findElement(DefaultElementLocator.java:69)
	at org.openqa.selenium.support.pagefactory.internal.LocatingElementHandler.invoke(LocatingElementHandler.java:38)
	at com.sun.proxy.$Proxy11.isDisplayed(Unknown Source)
	at com.nagp.common.utilities.Utilities.isElementExist(Utilities.java:36)
	at com.nagp.common.pages.CategoryPage.isHeadingDisplayed(CategoryPage.java:20)
	at com.nagp.test.HomeTestRunner.first(HomeTestRunner.java:24)
	at sun.reflect.NativeMethodAccessorImpl.invoke0(Native Method)
	at sun.reflect.NativeMethodAccessorImpl.invoke(NativeMethodAccessorImpl.java:62)
	at sun.reflect.DelegatingMethodAccessorImpl.invoke(DelegatingMethodAccessorImpl.java:43)
	at java.lang.reflect.Method.invoke(Method.java:498)
	at org.testng.internal.MethodInvocationHelper.invokeMethod(MethodInvocationHelper.java:124)
	at org.testng.internal.Invoker.invokeMethod(Invoker.java:583)
	at org.testng.internal.Invoker.invokeTestMethod(Invoker.java:719)
	at org.testng.internal.Invoker.invokeTestMethods(Invoker.java:989)
	at org.testng.internal.TestMethodWorker.invokeTestMethods(TestMethodWorker.java:125)
	at org.testng.internal.TestMethodWorker.run(TestMethodWorker.java:109)
	at org.testng.TestRunner.privateRun(TestRunner.java:648)
	at org.testng.TestRunner.run(TestRunner.java:505)
	at org.testng.SuiteRunner.runTest(SuiteRunner.java:455)
	at org.testng.SuiteRunner.runSequentially(SuiteRunner.java:450)
	at org.testng.SuiteRunner.privateRun(SuiteRunner.java:415)
	at org.testng.SuiteRunner.run(SuiteRunner.java:364)
	at org.testng.SuiteRunnerWorker.runSuite(SuiteRunnerWorker.java:52)
	at org.testng.SuiteRunnerWorker.run(SuiteRunnerWorker.java:84)
	at org.testng.TestNG.runSuitesSequentially(TestNG.java:1208)
	at org.testng.TestNG.runSuitesLocally(TestNG.java:1137)
	at org.testng.TestNG.runSuites(TestNG.java:1049)
	at org.testng.TestNG.run(TestNG.java:1017)
	at com.intellij.rt.testng.IDEARemoteTestNG.run(IDEARemoteTestNG.java:66)
	at com.intellij.rt.testng.RemoteTestNGStarter.main(RemoteTestNGStarter.java:110)


2020-04-04 18:36:19 INFO  Utilities:56 - Successfully move to element [[ChromeDriver: chrome on MAC (38ea5c470818cb1b32371395baa69325)] -> css selector: a[title='Women']]

2020-04-04 18:37:11 DEBUG Utilities:48 - Unable to find the elements Proxy element for: DefaultElementLocator 'By.className: cat-name']' due to following: [org.openqa.selenium.support.ui.WebDriverWait.timeoutException(WebDriverWait.java:95), org.openqa.selenium.support.ui.FluentWait.until(FluentWait.java:272), com.nagp.common.utilities.Utilities.waitForElementExists(Utilities.java:46), com.nagp.common.pages.CategoryPage.isHeadingDisplayed(CategoryPage.java:19), com.nagp.test.HomeTestRunner.first(HomeTestRunner.java:24), sun.reflect.NativeMethodAccessorImpl.invoke0(Native Method), sun.reflect.NativeMethodAccessorImpl.invoke(NativeMethodAccessorImpl.java:62), sun.reflect.DelegatingMethodAccessorImpl.invoke(DelegatingMethodAccessorImpl.java:43), java.lang.reflect.Method.invoke(Method.java:498), org.testng.internal.MethodInvocationHelper.invokeMethod(MethodInvocationHelper.java:124), org.testng.internal.Invoker.invokeMethod(Invoker.java:583), org.testng.internal.Invoker.invokeTestMethod(Invoker.java:719), org.testng.internal.Invoker.invokeTestMethods(Invoker.java:989), org.testng.internal.TestMethodWorker.invokeTestMethods(TestMethodWorker.java:125), org.testng.internal.TestMethodWorker.run(TestMethodWorker.java:109), org.testng.TestRunner.privateRun(TestRunner.java:648), org.testng.TestRunner.run(TestRunner.java:505), org.testng.SuiteRunner.runTest(SuiteRunner.java:455), org.testng.SuiteRunner.runSequentially(SuiteRunner.java:450), org.testng.SuiteRunner.privateRun(SuiteRunner.java:415), org.testng.SuiteRunner.run(SuiteRunner.java:364), org.testng.SuiteRunnerWorker.runSuite(SuiteRunnerWorker.java:52), org.testng.SuiteRunnerWorker.run(SuiteRunnerWorker.java:84), org.testng.TestNG.runSuitesSequentially(TestNG.java:1208), org.testng.TestNG.runSuitesLocally(TestNG.java:1137), org.testng.TestNG.runSuites(TestNG.java:1049), org.testng.TestNG.run(TestNG.java:1017), com.intellij.rt.testng.IDEARemoteTestNG.run(IDEARemoteTestNG.java:66), com.intellij.rt.testng.RemoteTestNGStarter.main(RemoteTestNGStarter.java:110)]

2020-04-04 18:37:34 DEBUG Utilities:38 - Element is not visible : org.openqa.selenium.NoSuchElementException: no such element: Unable to locate element: {"method":"css selector","selector":".cat\-name\'\]"}
  (Session info: chrome=80.0.3987.149)
For documentation on this error, please visit: https://www.seleniumhq.org/exceptions/no_such_element.html
Build info: version: '3.141.59', revision: 'e82be7d358', time: '2018-11-14T08:17:03'
System info: host: 'Superusers-MacBook-Pro.local', ip: 'fe80:0:0:0:84c:5857:7342:3a77%en0', os.name: 'Mac OS X', os.arch: 'x86_64', os.version: '10.14.6', java.version: '1.8.0_231'
Driver info: org.openqa.selenium.chrome.ChromeDriver
Capabilities {acceptInsecureCerts: false, browserName: chrome, browserVersion: 80.0.3987.149, chrome: {chromedriverVersion: 80.0.3987.106 (f68069574609..., userDataDir: /var/folders/bw/zm9rvbhj2bb...}, goog:chromeOptions: {debuggerAddress: localhost:49813}, javascriptEnabled: true, networkConnectionEnabled: false, pageLoadStrategy: normal, platform: MAC, platformName: MAC, proxy: Proxy(), setWindowRect: true, strictFileInteractability: false, timeouts: {implicit: 0, pageLoad: 300000, script: 30000}, unhandledPromptBehavior: dismiss and notify}
Session ID: 38ea5c470818cb1b32371395baa69325
*** Element info: {Using=class name, value=cat-name']}
	at sun.reflect.NativeConstructorAccessorImpl.newInstance0(Native Method)
	at sun.reflect.NativeConstructorAccessorImpl.newInstance(NativeConstructorAccessorImpl.java:62)
	at sun.reflect.DelegatingConstructorAccessorImpl.newInstance(DelegatingConstructorAccessorImpl.java:45)
	at java.lang.reflect.Constructor.newInstance(Constructor.java:423)
	at org.openqa.selenium.remote.http.W3CHttpResponseCodec.createException(W3CHttpResponseCodec.java:187)
	at org.openqa.selenium.remote.http.W3CHttpResponseCodec.decode(W3CHttpResponseCodec.java:122)
	at org.openqa.selenium.remote.http.W3CHttpResponseCodec.decode(W3CHttpResponseCodec.java:49)
	at org.openqa.selenium.remote.HttpCommandExecutor.execute(HttpCommandExecutor.java:158)
	at org.openqa.selenium.remote.service.DriverCommandExecutor.execute(DriverCommandExecutor.java:83)
	at org.openqa.selenium.remote.RemoteWebDriver.execute(RemoteWebDriver.java:552)
	at org.openqa.selenium.remote.RemoteWebDriver.findElement(RemoteWebDriver.java:323)
	at org.openqa.selenium.remote.RemoteWebDriver.findElementByClassName(RemoteWebDriver.java:412)
	at org.openqa.selenium.By$ByClassName.findElement(By.java:389)
	at org.openqa.selenium.remote.RemoteWebDriver.findElement(RemoteWebDriver.java:315)
	at org.openqa.selenium.support.pagefactory.DefaultElementLocator.findElement(DefaultElementLocator.java:69)
	at org.openqa.selenium.support.pagefactory.internal.LocatingElementHandler.invoke(LocatingElementHandler.java:38)
	at com.sun.proxy.$Proxy11.isDisplayed(Unknown Source)
	at com.nagp.common.utilities.Utilities.isElementExist(Utilities.java:36)
	at com.nagp.common.pages.CategoryPage.isHeadingDisplayed(CategoryPage.java:20)
	at com.nagp.test.HomeTestRunner.first(HomeTestRunner.java:24)
	at sun.reflect.NativeMethodAccessorImpl.invoke0(Native Method)
	at sun.reflect.NativeMethodAccessorImpl.invoke(NativeMethodAccessorImpl.java:62)
	at sun.reflect.DelegatingMethodAccessorImpl.invoke(DelegatingMethodAccessorImpl.java:43)
	at java.lang.reflect.Method.invoke(Method.java:498)
	at org.testng.internal.MethodInvocationHelper.invokeMethod(MethodInvocationHelper.java:124)
	at org.testng.internal.Invoker.invokeMethod(Invoker.java:583)
	at org.testng.internal.Invoker.invokeTestMethod(Invoker.java:719)
	at org.testng.internal.Invoker.invokeTestMethods(Invoker.java:989)
	at org.testng.internal.TestMethodWorker.invokeTestMethods(TestMethodWorker.java:125)
	at org.testng.internal.TestMethodWorker.run(TestMethodWorker.java:109)
	at org.testng.TestRunner.privateRun(TestRunner.java:648)
	at org.testng.TestRunner.run(TestRunner.java:505)
	at org.testng.SuiteRunner.runTest(SuiteRunner.java:455)
	at org.testng.SuiteRunner.runSequentially(SuiteRunner.java:450)
	at org.testng.SuiteRunner.privateRun(SuiteRunner.java:415)
	at org.testng.SuiteRunner.run(SuiteRunner.java:364)
	at org.testng.SuiteRunnerWorker.runSuite(SuiteRunnerWorker.java:52)
	at org.testng.SuiteRunnerWorker.run(SuiteRunnerWorker.java:84)
	at org.testng.TestNG.runSuitesSequentially(TestNG.java:1208)
	at org.testng.TestNG.runSuitesLocally(TestNG.java:1137)
	at org.testng.TestNG.runSuites(TestNG.java:1049)
	at org.testng.TestNG.run(TestNG.java:1017)
	at com.intellij.rt.testng.IDEARemoteTestNG.run(IDEARemoteTestNG.java:66)
	at com.intellij.rt.testng.RemoteTestNGStarter.main(RemoteTestNGStarter.java:110)


2020-04-04 18:39:49 INFO  Utilities:56 - Successfully move to element [[ChromeDriver: chrome on MAC (b71e80ac10003c71d61dd94eb45a6c77)] -> css selector: a[title='Women']]

2020-04-04 18:42:18 INFO  Utilities:56 - Successfully move to element [[ChromeDriver: chrome on MAC (d76dce052c18be6826e9407df8c498bd)] -> css selector: a[title='Women']]

2020-04-04 19:00:11 INFO  Utilities:56 - Successfully move to element [[ChromeDriver: chrome on MAC (33caf9e8c762f82c60dd27722f24997c)] -> css selector: a[title='Women']]

2020-04-04 19:00:21 DEBUG Utilities:48 - Unable to find the elements [[ChromeDriver: chrome on MAC (33caf9e8c762f82c60dd27722f24997c)] -> css selector: .price.product-price] due to following: [org.openqa.selenium.support.ui.WebDriverWait.timeoutException(WebDriverWait.java:95), org.openqa.selenium.support.ui.FluentWait.until(FluentWait.java:272), com.nagp.common.utilities.Utilities.waitForElementExists(Utilities.java:46), com.nagp.common.pages.CategoryPage.getProductPrice(CategoryPage.java:29), com.nagp.test.HomeTestRunner.verifySearchProductAndPrice(HomeTestRunner.java:35), sun.reflect.NativeMethodAccessorImpl.invoke0(Native Method), sun.reflect.NativeMethodAccessorImpl.invoke(NativeMethodAccessorImpl.java:62), sun.reflect.DelegatingMethodAccessorImpl.invoke(DelegatingMethodAccessorImpl.java:43), java.lang.reflect.Method.invoke(Method.java:498), org.testng.internal.MethodInvocationHelper.invokeMethod(MethodInvocationHelper.java:124), org.testng.internal.Invoker.invokeMethod(Invoker.java:583), org.testng.internal.Invoker.invokeTestMethod(Invoker.java:719), org.testng.internal.Invoker.invokeTestMethods(Invoker.java:989), org.testng.internal.TestMethodWorker.invokeTestMethods(TestMethodWorker.java:125), org.testng.internal.TestMethodWorker.run(TestMethodWorker.java:109), org.testng.TestRunner.privateRun(TestRunner.java:648), org.testng.TestRunner.run(TestRunner.java:505), org.testng.SuiteRunner.runTest(SuiteRunner.java:455), org.testng.SuiteRunner.runSequentially(SuiteRunner.java:450), org.testng.SuiteRunner.privateRun(SuiteRunner.java:415), org.testng.SuiteRunner.run(SuiteRunner.java:364), org.testng.SuiteRunnerWorker.runSuite(SuiteRunnerWorker.java:52), org.testng.SuiteRunnerWorker.run(SuiteRunnerWorker.java:84), org.testng.TestNG.runSuitesSequentially(TestNG.java:1208), org.testng.TestNG.runSuitesLocally(TestNG.java:1137), org.testng.TestNG.runSuites(TestNG.java:1049), org.testng.TestNG.run(TestNG.java:1017), com.intellij.rt.testng.IDEARemoteTestNG.run(IDEARemoteTestNG.java:66), com.intellij.rt.testng.RemoteTestNGStarter.main(RemoteTestNGStarter.java:110)]

2020-04-04 19:01:13 INFO  Utilities:56 - Successfully move to element [[ChromeDriver: chrome on MAC (acaa5a904cb309404062b85ad1f8125b)] -> css selector: a[title='Women']]

2020-04-04 19:01:23 DEBUG Utilities:48 - Unable to find the elements [[ChromeDriver: chrome on MAC (acaa5a904cb309404062b85ad1f8125b)] -> css selector: .price.product-price] due to following: [org.openqa.selenium.support.ui.WebDriverWait.timeoutException(WebDriverWait.java:95), org.openqa.selenium.support.ui.FluentWait.until(FluentWait.java:272), com.nagp.common.utilities.Utilities.waitForElementExists(Utilities.java:46), com.nagp.common.pages.CategoryPage.getProductPrice(CategoryPage.java:29), com.nagp.test.HomeTestRunner.verifySearchProductAndPrice(HomeTestRunner.java:35), sun.reflect.NativeMethodAccessorImpl.invoke0(Native Method), sun.reflect.NativeMethodAccessorImpl.invoke(NativeMethodAccessorImpl.java:62), sun.reflect.DelegatingMethodAccessorImpl.invoke(DelegatingMethodAccessorImpl.java:43), java.lang.reflect.Method.invoke(Method.java:498), org.testng.internal.MethodInvocationHelper.invokeMethod(MethodInvocationHelper.java:124), org.testng.internal.Invoker.invokeMethod(Invoker.java:583), org.testng.internal.Invoker.invokeTestMethod(Invoker.java:719), org.testng.internal.Invoker.invokeTestMethods(Invoker.java:989), org.testng.internal.TestMethodWorker.invokeTestMethods(TestMethodWorker.java:125), org.testng.internal.TestMethodWorker.run(TestMethodWorker.java:109), org.testng.TestRunner.privateRun(TestRunner.java:648), org.testng.TestRunner.run(TestRunner.java:505), org.testng.SuiteRunner.runTest(SuiteRunner.java:455), org.testng.SuiteRunner.runSequentially(SuiteRunner.java:450), org.testng.SuiteRunner.privateRun(SuiteRunner.java:415), org.testng.SuiteRunner.run(SuiteRunner.java:364), org.testng.SuiteRunnerWorker.runSuite(SuiteRunnerWorker.java:52), org.testng.SuiteRunnerWorker.run(SuiteRunnerWorker.java:84), org.testng.TestNG.runSuitesSequentially(TestNG.java:1208), org.testng.TestNG.runSuitesLocally(TestNG.java:1137), org.testng.TestNG.runSuites(TestNG.java:1049), org.testng.TestNG.run(TestNG.java:1017), com.intellij.rt.testng.IDEARemoteTestNG.run(IDEARemoteTestNG.java:66), com.intellij.rt.testng.RemoteTestNGStarter.main(RemoteTestNGStarter.java:110)]

2020-04-04 19:09:37 INFO  Utilities:56 - Successfully move to element [[ChromeDriver: chrome on MAC (30f92f169c6fe3a89fb52f9298398e21)] -> css selector: a[title='Women']]

2020-04-04 19:09:48 DEBUG Utilities:48 - Unable to find the elements [[ChromeDriver: chrome on MAC (30f92f169c6fe3a89fb52f9298398e21)] -> css selector: .price.product-price] due to following: [org.openqa.selenium.support.ui.WebDriverWait.timeoutException(WebDriverWait.java:95), org.openqa.selenium.support.ui.FluentWait.until(FluentWait.java:272), com.nagp.common.utilities.Utilities.waitForElementExists(Utilities.java:46), com.nagp.common.pages.CategoryPage.getProductPrice(CategoryPage.java:29), com.nagp.test.HomeTestRunner.verifySearchProductAndPrice(HomeTestRunner.java:35), sun.reflect.NativeMethodAccessorImpl.invoke0(Native Method), sun.reflect.NativeMethodAccessorImpl.invoke(NativeMethodAccessorImpl.java:62), sun.reflect.DelegatingMethodAccessorImpl.invoke(DelegatingMethodAccessorImpl.java:43), java.lang.reflect.Method.invoke(Method.java:498), org.testng.internal.MethodInvocationHelper.invokeMethod(MethodInvocationHelper.java:124), org.testng.internal.Invoker.invokeMethod(Invoker.java:583), org.testng.internal.Invoker.invokeTestMethod(Invoker.java:719), org.testng.internal.Invoker.invokeTestMethods(Invoker.java:989), org.testng.internal.TestMethodWorker.invokeTestMethods(TestMethodWorker.java:125), org.testng.internal.TestMethodWorker.run(TestMethodWorker.java:109), org.testng.TestRunner.privateRun(TestRunner.java:648), org.testng.TestRunner.run(TestRunner.java:505), org.testng.SuiteRunner.runTest(SuiteRunner.java:455), org.testng.SuiteRunner.runSequentially(SuiteRunner.java:450), org.testng.SuiteRunner.privateRun(SuiteRunner.java:415), org.testng.SuiteRunner.run(SuiteRunner.java:364), org.testng.SuiteRunnerWorker.runSuite(SuiteRunnerWorker.java:52), org.testng.SuiteRunnerWorker.run(SuiteRunnerWorker.java:84), org.testng.TestNG.runSuitesSequentially(TestNG.java:1208), org.testng.TestNG.runSuitesLocally(TestNG.java:1137), org.testng.TestNG.runSuites(TestNG.java:1049), org.testng.TestNG.run(TestNG.java:1017), com.intellij.rt.testng.IDEARemoteTestNG.run(IDEARemoteTestNG.java:66), com.intellij.rt.testng.RemoteTestNGStarter.main(RemoteTestNGStarter.java:110)]

2020-04-05 20:25:55 DEBUG Utilities:48 - Unable to find the elements Proxy element for: DefaultElementLocator 'By.id: email' due to following: [org.openqa.selenium.support.ui.WebDriverWait.timeoutException(WebDriverWait.java:95), org.openqa.selenium.support.ui.FluentWait.until(FluentWait.java:272), com.nagp.common.utilities.Utilities.waitForElementExists(Utilities.java:46), com.nagp.common.pages.LoginPage.login(SigninPage.java:20), com.nagp.test.LoginTestRunner.testData(LoginTestRunner.java:36), sun.reflect.NativeMethodAccessorImpl.invoke0(Native Method), sun.reflect.NativeMethodAccessorImpl.invoke(NativeMethodAccessorImpl.java:62), sun.reflect.DelegatingMethodAccessorImpl.invoke(DelegatingMethodAccessorImpl.java:43), java.lang.reflect.Method.invoke(Method.java:498), org.testng.internal.MethodInvocationHelper.invokeMethod(MethodInvocationHelper.java:124), org.testng.internal.Invoker.invokeMethod(Invoker.java:583), org.testng.internal.Invoker.invokeTestMethod(Invoker.java:719), org.testng.internal.Invoker.invokeTestMethods(Invoker.java:989), org.testng.internal.TestMethodWorker.invokeTestMethods(TestMethodWorker.java:125), org.testng.internal.TestMethodWorker.run(TestMethodWorker.java:109), org.testng.TestRunner.privateRun(TestRunner.java:648), org.testng.TestRunner.run(TestRunner.java:505), org.testng.SuiteRunner.runTest(SuiteRunner.java:455), org.testng.SuiteRunner.runSequentially(SuiteRunner.java:450), org.testng.SuiteRunner.privateRun(SuiteRunner.java:415), org.testng.SuiteRunner.run(SuiteRunner.java:364), org.testng.SuiteRunnerWorker.runSuite(SuiteRunnerWorker.java:52), org.testng.SuiteRunnerWorker.run(SuiteRunnerWorker.java:84), org.testng.TestNG.runSuitesSequentially(TestNG.java:1208), org.testng.TestNG.runSuitesLocally(TestNG.java:1137), org.testng.TestNG.runSuites(TestNG.java:1049), org.testng.TestNG.run(TestNG.java:1017), com.intellij.rt.testng.IDEARemoteTestNG.run(IDEARemoteTestNG.java:66), com.intellij.rt.testng.RemoteTestNGStarter.main(RemoteTestNGStarter.java:110)]

2020-04-05 20:26:18 DEBUG Utilities:48 - Unable to find the elements Proxy element for: DefaultElementLocator 'By.id: email' due to following: [org.openqa.selenium.support.ui.WebDriverWait.timeoutException(WebDriverWait.java:95), org.openqa.selenium.support.ui.FluentWait.until(FluentWait.java:272), com.nagp.common.utilities.Utilities.waitForElementExists(Utilities.java:46), com.nagp.common.pages.LoginPage.login(SigninPage.java:20), com.nagp.test.LoginTestRunner.testData(LoginTestRunner.java:36), sun.reflect.NativeMethodAccessorImpl.invoke0(Native Method), sun.reflect.NativeMethodAccessorImpl.invoke(NativeMethodAccessorImpl.java:62), sun.reflect.DelegatingMethodAccessorImpl.invoke(DelegatingMethodAccessorImpl.java:43), java.lang.reflect.Method.invoke(Method.java:498), org.testng.internal.MethodInvocationHelper.invokeMethod(MethodInvocationHelper.java:124), org.testng.internal.Invoker.invokeMethod(Invoker.java:583), org.testng.internal.Invoker.invokeTestMethod(Invoker.java:719), org.testng.internal.Invoker.invokeTestMethods(Invoker.java:989), org.testng.internal.TestMethodWorker.invokeTestMethods(TestMethodWorker.java:125), org.testng.internal.TestMethodWorker.run(TestMethodWorker.java:109), org.testng.TestRunner.privateRun(TestRunner.java:648), org.testng.TestRunner.run(TestRunner.java:505), org.testng.SuiteRunner.runTest(SuiteRunner.java:455), org.testng.SuiteRunner.runSequentially(SuiteRunner.java:450), org.testng.SuiteRunner.privateRun(SuiteRunner.java:415), org.testng.SuiteRunner.run(SuiteRunner.java:364), org.testng.SuiteRunnerWorker.runSuite(SuiteRunnerWorker.java:52), org.testng.SuiteRunnerWorker.run(SuiteRunnerWorker.java:84), org.testng.TestNG.runSuitesSequentially(TestNG.java:1208), org.testng.TestNG.runSuitesLocally(TestNG.java:1137), org.testng.TestNG.runSuites(TestNG.java:1049), org.testng.TestNG.run(TestNG.java:1017), com.intellij.rt.testng.IDEARemoteTestNG.run(IDEARemoteTestNG.java:66), com.intellij.rt.testng.RemoteTestNGStarter.main(RemoteTestNGStarter.java:110)]

2020-04-05 20:46:29 DEBUG Utilities:48 - Unable to find the elements [[ChromeDriver: chrome on MAC (fc3368ca230343ec509c63f191777f58)] -> class name: logout] due to following: [org.openqa.selenium.support.ui.WebDriverWait.timeoutException(WebDriverWait.java:95), org.openqa.selenium.support.ui.FluentWait.until(FluentWait.java:272), com.nagp.common.utilities.Utilities.waitForElementExists(Utilities.java:46), com.nagp.common.pages.common.Header.isAccontNameDisplayed(Header.java:36), com.nagp.test.LoginTestRunner.testData(LoginTestRunner.java:41), sun.reflect.NativeMethodAccessorImpl.invoke0(Native Method), sun.reflect.NativeMethodAccessorImpl.invoke(NativeMethodAccessorImpl.java:62), sun.reflect.DelegatingMethodAccessorImpl.invoke(DelegatingMethodAccessorImpl.java:43), java.lang.reflect.Method.invoke(Method.java:498), org.testng.internal.MethodInvocationHelper.invokeMethod(MethodInvocationHelper.java:124), org.testng.internal.Invoker.invokeMethod(Invoker.java:583), org.testng.internal.Invoker.invokeTestMethod(Invoker.java:719), org.testng.internal.Invoker.invokeTestMethods(Invoker.java:989), org.testng.internal.TestMethodWorker.invokeTestMethods(TestMethodWorker.java:125), org.testng.internal.TestMethodWorker.run(TestMethodWorker.java:109), org.testng.TestRunner.privateRun(TestRunner.java:648), org.testng.TestRunner.run(TestRunner.java:505), org.testng.SuiteRunner.runTest(SuiteRunner.java:455), org.testng.SuiteRunner.runSequentially(SuiteRunner.java:450), org.testng.SuiteRunner.privateRun(SuiteRunner.java:415), org.testng.SuiteRunner.run(SuiteRunner.java:364), org.testng.SuiteRunnerWorker.runSuite(SuiteRunnerWorker.java:52), org.testng.SuiteRunnerWorker.run(SuiteRunnerWorker.java:84), org.testng.TestNG.runSuitesSequentially(TestNG.java:1208), org.testng.TestNG.runSuitesLocally(TestNG.java:1137), org.testng.TestNG.runSuites(TestNG.java:1049), org.testng.TestNG.run(TestNG.java:1017), com.intellij.rt.testng.IDEARemoteTestNG.run(IDEARemoteTestNG.java:66), com.intellij.rt.testng.RemoteTestNGStarter.main(RemoteTestNGStarter.java:110)]

2020-04-05 20:46:51 DEBUG Utilities:48 - Unable to find the elements Proxy element for: DefaultElementLocator 'By.className: logout' due to following: [org.openqa.selenium.support.ui.WebDriverWait.timeoutException(WebDriverWait.java:95), org.openqa.selenium.support.ui.FluentWait.until(FluentWait.java:272), com.nagp.common.utilities.Utilities.waitForElementExists(Utilities.java:46), com.nagp.common.pages.common.Header.isAccontNameDisplayed(Header.java:36), com.nagp.test.LoginTestRunner.testData(LoginTestRunner.java:41), sun.reflect.NativeMethodAccessorImpl.invoke0(Native Method), sun.reflect.NativeMethodAccessorImpl.invoke(NativeMethodAccessorImpl.java:62), sun.reflect.DelegatingMethodAccessorImpl.invoke(DelegatingMethodAccessorImpl.java:43), java.lang.reflect.Method.invoke(Method.java:498), org.testng.internal.MethodInvocationHelper.invokeMethod(MethodInvocationHelper.java:124), org.testng.internal.Invoker.invokeMethod(Invoker.java:583), org.testng.internal.Invoker.invokeTestMethod(Invoker.java:719), org.testng.internal.Invoker.invokeTestMethods(Invoker.java:989), org.testng.internal.TestMethodWorker.invokeTestMethods(TestMethodWorker.java:125), org.testng.internal.TestMethodWorker.run(TestMethodWorker.java:109), org.testng.TestRunner.privateRun(TestRunner.java:648), org.testng.TestRunner.run(TestRunner.java:505), org.testng.SuiteRunner.runTest(SuiteRunner.java:455), org.testng.SuiteRunner.runSequentially(SuiteRunner.java:450), org.testng.SuiteRunner.privateRun(SuiteRunner.java:415), org.testng.SuiteRunner.run(SuiteRunner.java:364), org.testng.SuiteRunnerWorker.runSuite(SuiteRunnerWorker.java:52), org.testng.SuiteRunnerWorker.run(SuiteRunnerWorker.java:84), org.testng.TestNG.runSuitesSequentially(TestNG.java:1208), org.testng.TestNG.runSuitesLocally(TestNG.java:1137), org.testng.TestNG.runSuites(TestNG.java:1049), org.testng.TestNG.run(TestNG.java:1017), com.intellij.rt.testng.IDEARemoteTestNG.run(IDEARemoteTestNG.java:66), com.intellij.rt.testng.RemoteTestNGStarter.main(RemoteTestNGStarter.java:110)]

2020-04-05 20:46:51 DEBUG Utilities:38 - Element is not visible : org.openqa.selenium.WebDriverException: disconnected: not connected to DevTools
  (Session info: chrome=80.0.3987.149)
Build info: version: '3.141.59', revision: 'e82be7d358', time: '2018-11-14T08:17:03'
System info: host: 'Superusers-MacBook-Pro.local', ip: 'fe80:0:0:0:84c:5857:7342:3a77%en0', os.name: 'Mac OS X', os.arch: 'x86_64', os.version: '10.14.6', java.version: '1.8.0_231'
Driver info: org.openqa.selenium.chrome.ChromeDriver
Capabilities {acceptInsecureCerts: false, browserName: chrome, browserVersion: 80.0.3987.149, chrome: {chromedriverVersion: 80.0.3987.106 (f68069574609..., userDataDir: /var/folders/bw/zm9rvbhj2bb...}, goog:chromeOptions: {debuggerAddress: localhost:60398}, javascriptEnabled: true, networkConnectionEnabled: false, pageLoadStrategy: normal, platform: MAC, platformName: MAC, proxy: Proxy(), setWindowRect: true, strictFileInteractability: false, timeouts: {implicit: 0, pageLoad: 300000, script: 30000}, unhandledPromptBehavior: dismiss and notify}
Session ID: fc3368ca230343ec509c63f191777f58
*** Element info: {Using=class name, value=account}
	at sun.reflect.NativeConstructorAccessorImpl.newInstance0(Native Method)
	at sun.reflect.NativeConstructorAccessorImpl.newInstance(NativeConstructorAccessorImpl.java:62)
	at sun.reflect.DelegatingConstructorAccessorImpl.newInstance(DelegatingConstructorAccessorImpl.java:45)
	at java.lang.reflect.Constructor.newInstance(Constructor.java:423)
	at org.openqa.selenium.remote.http.W3CHttpResponseCodec.createException(W3CHttpResponseCodec.java:187)
	at org.openqa.selenium.remote.http.W3CHttpResponseCodec.decode(W3CHttpResponseCodec.java:122)
	at org.openqa.selenium.remote.http.W3CHttpResponseCodec.decode(W3CHttpResponseCodec.java:49)
	at org.openqa.selenium.remote.HttpCommandExecutor.execute(HttpCommandExecutor.java:158)
	at org.openqa.selenium.remote.service.DriverCommandExecutor.execute(DriverCommandExecutor.java:83)
	at org.openqa.selenium.remote.RemoteWebDriver.execute(RemoteWebDriver.java:552)
	at org.openqa.selenium.remote.RemoteWebDriver.findElement(RemoteWebDriver.java:323)
	at org.openqa.selenium.remote.RemoteWebDriver.findElementByClassName(RemoteWebDriver.java:412)
	at org.openqa.selenium.By$ByClassName.findElement(By.java:389)
	at org.openqa.selenium.remote.RemoteWebDriver.findElement(RemoteWebDriver.java:315)
	at org.openqa.selenium.support.pagefactory.DefaultElementLocator.findElement(DefaultElementLocator.java:69)
	at org.openqa.selenium.support.pagefactory.internal.LocatingElementHandler.invoke(LocatingElementHandler.java:38)
	at com.sun.proxy.$Proxy12.isDisplayed(Unknown Source)
	at com.nagp.common.utilities.Utilities.isElementExist(Utilities.java:36)
	at com.nagp.common.pages.common.Header.isAccontNameDisplayed(Header.java:37)
	at com.nagp.test.LoginTestRunner.testData(LoginTestRunner.java:41)
	at sun.reflect.NativeMethodAccessorImpl.invoke0(Native Method)
	at sun.reflect.NativeMethodAccessorImpl.invoke(NativeMethodAccessorImpl.java:62)
	at sun.reflect.DelegatingMethodAccessorImpl.invoke(DelegatingMethodAccessorImpl.java:43)
	at java.lang.reflect.Method.invoke(Method.java:498)
	at org.testng.internal.MethodInvocationHelper.invokeMethod(MethodInvocationHelper.java:124)
	at org.testng.internal.Invoker.invokeMethod(Invoker.java:583)
	at org.testng.internal.Invoker.invokeTestMethod(Invoker.java:719)
	at org.testng.internal.Invoker.invokeTestMethods(Invoker.java:989)
	at org.testng.internal.TestMethodWorker.invokeTestMethods(TestMethodWorker.java:125)
	at org.testng.internal.TestMethodWorker.run(TestMethodWorker.java:109)
	at org.testng.TestRunner.privateRun(TestRunner.java:648)
	at org.testng.TestRunner.run(TestRunner.java:505)
	at org.testng.SuiteRunner.runTest(SuiteRunner.java:455)
	at org.testng.SuiteRunner.runSequentially(SuiteRunner.java:450)
	at org.testng.SuiteRunner.privateRun(SuiteRunner.java:415)
	at org.testng.SuiteRunner.run(SuiteRunner.java:364)
	at org.testng.SuiteRunnerWorker.runSuite(SuiteRunnerWorker.java:52)
	at org.testng.SuiteRunnerWorker.run(SuiteRunnerWorker.java:84)
	at org.testng.TestNG.runSuitesSequentially(TestNG.java:1208)
	at org.testng.TestNG.runSuitesLocally(TestNG.java:1137)
	at org.testng.TestNG.runSuites(TestNG.java:1049)
	at org.testng.TestNG.run(TestNG.java:1017)
	at com.intellij.rt.testng.IDEARemoteTestNG.run(IDEARemoteTestNG.java:66)
	at com.intellij.rt.testng.RemoteTestNGStarter.main(RemoteTestNGStarter.java:110)


2020-04-05 23:06:10 DEBUG Utilities:93 - Unable to find the elements due to following: [org.openqa.selenium.support.ui.WebDriverWait.timeoutException(WebDriverWait.java:95), org.openqa.selenium.support.ui.FluentWait.until(FluentWait.java:272), com.nagp.common.utilities.Utilities.waitForElementsExists(Utilities.java:91), com.nagp.common.pages.CategoryPage.isAllArticlesDisplayed(CategoryPage.java:44), com.nagp.test.CategoryTestRunner.verifyAllTheProductInDressCategory(CategoryTestRunner.java:25), sun.reflect.NativeMethodAccessorImpl.invoke0(Native Method), sun.reflect.NativeMethodAccessorImpl.invoke(NativeMethodAccessorImpl.java:62), sun.reflect.DelegatingMethodAccessorImpl.invoke(DelegatingMethodAccessorImpl.java:43), java.lang.reflect.Method.invoke(Method.java:498), org.testng.internal.MethodInvocationHelper.invokeMethod(MethodInvocationHelper.java:124), org.testng.internal.Invoker.invokeMethod(Invoker.java:583), org.testng.internal.Invoker.invokeTestMethod(Invoker.java:719), org.testng.internal.Invoker.invokeTestMethods(Invoker.java:989), org.testng.internal.TestMethodWorker.invokeTestMethods(TestMethodWorker.java:125), org.testng.internal.TestMethodWorker.run(TestMethodWorker.java:109), org.testng.TestRunner.privateRun(TestRunner.java:648), org.testng.TestRunner.run(TestRunner.java:505), org.testng.SuiteRunner.runTest(SuiteRunner.java:455), org.testng.SuiteRunner.runSequentially(SuiteRunner.java:450), org.testng.SuiteRunner.privateRun(SuiteRunner.java:415), org.testng.SuiteRunner.run(SuiteRunner.java:364), org.testng.SuiteRunnerWorker.runSuite(SuiteRunnerWorker.java:52), org.testng.SuiteRunnerWorker.run(SuiteRunnerWorker.java:84), org.testng.TestNG.runSuitesSequentially(TestNG.java:1208), org.testng.TestNG.runSuitesLocally(TestNG.java:1137), org.testng.TestNG.runSuites(TestNG.java:1049), org.testng.TestNG.run(TestNG.java:1017), com.intellij.rt.testng.IDEARemoteTestNG.run(IDEARemoteTestNG.java:66), com.intellij.rt.testng.RemoteTestNGStarter.main(RemoteTestNGStarter.java:110)]

